<?xml version="1.0" encoding="UTF-8"?>
<testng-results ignored="0" total="1" passed="1" failed="0" skipped="0">
  <reporter-output>
  </reporter-output>
  <suite started-at="2022-10-11T10:07:28 IST" name="Suite" finished-at="2022-10-11T10:08:08 IST" duration-ms="40462">
    <groups>
    </groups>
    <test started-at="2022-10-11T10:07:28 IST" name="Test" finished-at="2022-10-11T10:08:08 IST" duration-ms="40462">
      <class name="Tests.TestCase">
        <test-method is-config="true" signature="LaunchApplication()[pri:0, instance:Tests.TestCase@648c94da]" started-at="2022-10-11T10:07:28 IST" name="LaunchApplication" finished-at="2022-10-11T10:07:42 IST" duration-ms="14019" status="PASS">
          <reporter-output>
          </reporter-output>
        </test-method> <!-- LaunchApplication -->
        <test-method signature="TaskCreationTest(java.lang.Object)[pri:0, instance:Tests.TestCase@648c94da]" started-at="2022-10-11T10:07:42 IST" name="TaskCreationTest" data-provider="taskCreationData" finished-at="2022-10-11T10:08:08 IST" duration-ms="25739" status="PASS">
          <params>
            <param index="0">
              <value>
                <![CDATA[{Email=test@gmail.com, ssc_board=, Birthday=1/1/2000, Gender=Male, InstituteName=SLS-P, ContactNumber=9876543211, pass_fail_status=, ResidentialAddress=Wakad, Pune, Password=Test@1234, Faculty=Law, UserName=TestTest@gmail.com, FirstName=Fname, degreetype=, degree=, City=Pune, MiddleName=Mname, prn=, hsc_board=, Nationality=Indian, FormerName=FormerName, State=Maharashtra, year_passing=, Country=India, Region=India, LastName=Lname, BouncedEmail=Yes, InstituteType=Symbiosis International (Deemed University)}]]>
              </value>
            </param>
          </params>
          <reporter-output>
          </reporter-output>
        </test-method> <!-- TaskCreationTest -->
        <test-method is-config="true" signature="tearDown()[pri:0, instance:Tests.TestCase@648c94da]" started-at="2022-10-11T10:08:08 IST" name="tearDown" finished-at="2022-10-11T10:08:08 IST" duration-ms="276" status="PASS">
          <reporter-output>
          </reporter-output>
        </test-method> <!-- tearDown -->
      </class> <!-- Tests.TestCase -->
    </test> <!-- Test -->
  </suite> <!-- Suite -->
</testng-results>
